<?xml version="1.0" encoding="utf-8"?><testsuites name="pytest tests"><testsuite name="pytest" errors="0" failures="0" skipped="0" tests="10" time="2.404" timestamp="2026-06-05T00:53:46.430762+00:00" hostname="agent-env-7f6203f9-735e-46f7-a600-78a267dca357"><testcase classname="backend.tests.test_weather_api" name="test_root_status_ok" time="0.175" /><testcase classname="backend.tests.test_weather_api" name="test_weather_paris" time="0.243" /><testcase classname="backend.tests.test_weather_api" name="test_weather_invalid_lat" time="0.052" /><testcase classname="backend.tests.test_weather_api" name="test_weather_cache_fast_second_call" time="0.098" /><testcase classname="backend.tests.test_weather_api" name="test_forecast_paris" time="0.229" /><testcase classname="backend.tests.test_weather_api" name="test_reverse_geocode_paris" time="0.198" /><testcase classname="backend.tests.test_weather_api" name="test_search_geocode_tokyo" time="0.194" /><testcase classname="backend.tests.test_weather_api" name="test_tile_valid_layer" time="0.689" /><testcase classname="backend.tests.test_weather_api" name="test_tile_invalid_layer" time="0.054" /><testcase classname="backend.tests.test_weather_api" name="test_api_key_not_in_responses" time="0.356" /></testsuite></testsuites>